G75*
%MOIN*%
%OFA0B0*%
%FSLAX24Y24*%
%IPPOS*%
%LPD*%
%AMOC8*
5,1,8,0,0,1.08239X$1,22.5*
%
%ADD10C,0.0010*%
%ADD11C,0.0000*%
D10*
X000394Y000651D02*
X000434Y000632D01*
X000472Y000610D01*
X000509Y000585D01*
X000544Y000558D01*
X000577Y000527D01*
X000607Y000495D01*
X000635Y000460D01*
X000660Y000424D01*
X000682Y000385D01*
X000701Y000345D01*
X000718Y000311D01*
X000738Y000278D01*
X000761Y000248D01*
X000786Y000220D01*
X000815Y000195D01*
X000845Y000173D01*
X000878Y000153D01*
X000913Y000137D01*
X000949Y000124D01*
X000985Y000115D01*
X001023Y000110D01*
X001061Y000108D01*
X001061Y000105D02*
X031401Y000105D01*
X031439Y000107D01*
X031477Y000112D01*
X031514Y000122D01*
X031550Y000134D01*
X031585Y000151D01*
X031618Y000170D01*
X031649Y000193D01*
X031678Y000218D01*
X031704Y000246D01*
X031727Y000277D01*
X031747Y000309D01*
X031764Y000344D01*
X031767Y000342D02*
X031786Y000382D01*
X031808Y000420D01*
X031833Y000456D01*
X031860Y000490D01*
X031890Y000522D01*
X031923Y000552D01*
X031957Y000579D01*
X031993Y000604D01*
X032031Y000626D01*
X032071Y000645D01*
X032105Y000661D01*
X032138Y000682D01*
X032168Y000705D01*
X032196Y000731D01*
X032221Y000759D01*
X032244Y000790D01*
X032263Y000822D01*
X032279Y000857D01*
X032292Y000892D01*
X032302Y000929D01*
X032308Y000967D01*
X032310Y001005D01*
X032301Y001005D02*
X032301Y019545D01*
X032299Y019582D01*
X032294Y019619D01*
X032285Y019656D01*
X032273Y019691D01*
X032257Y019725D01*
X032238Y019758D01*
X032216Y019788D01*
X032191Y019816D01*
X032164Y019842D01*
X032135Y019865D01*
X032103Y019885D01*
X032069Y019901D01*
X031761Y020205D02*
X031744Y020239D01*
X031724Y020272D01*
X031701Y020302D01*
X031676Y020330D01*
X031647Y020355D01*
X031617Y020377D01*
X031584Y020397D01*
X031549Y020413D01*
X031513Y020426D01*
X031477Y020435D01*
X031439Y020440D01*
X031401Y020442D01*
X031401Y020445D02*
X023191Y020445D01*
X023191Y016535D01*
X023189Y016462D01*
X023183Y016389D01*
X023174Y016317D01*
X023161Y016245D01*
X023143Y016174D01*
X023123Y016104D01*
X023098Y016035D01*
X023070Y015968D01*
X023039Y015902D01*
X023004Y015838D01*
X022966Y015775D01*
X022925Y015715D01*
X022880Y015657D01*
X022833Y015602D01*
X022782Y015549D01*
X022729Y015498D01*
X022674Y015451D01*
X022616Y015406D01*
X022556Y015365D01*
X022494Y015327D01*
X022429Y015292D01*
X022363Y015261D01*
X022296Y015233D01*
X022227Y015208D01*
X022157Y015188D01*
X022086Y015170D01*
X022014Y015157D01*
X021942Y015148D01*
X021869Y015142D01*
X021796Y015140D01*
X021723Y015142D01*
X021650Y015148D01*
X021578Y015157D01*
X021506Y015170D01*
X021435Y015188D01*
X021365Y015208D01*
X021296Y015233D01*
X021229Y015261D01*
X021163Y015292D01*
X021099Y015327D01*
X021036Y015365D01*
X020976Y015406D01*
X020918Y015451D01*
X020863Y015498D01*
X020810Y015549D01*
X020759Y015602D01*
X020712Y015657D01*
X020667Y015715D01*
X020626Y015775D01*
X020588Y015838D01*
X020553Y015902D01*
X020522Y015968D01*
X020494Y016035D01*
X020469Y016104D01*
X020449Y016174D01*
X020431Y016245D01*
X020418Y016317D01*
X020409Y016389D01*
X020403Y016462D01*
X020401Y016535D01*
X020401Y020445D01*
X005671Y020445D01*
X005669Y020390D01*
X005663Y020335D01*
X005654Y020281D01*
X005640Y020227D01*
X005623Y020175D01*
X005603Y020124D01*
X005579Y020074D01*
X005551Y020026D01*
X005520Y019981D01*
X005486Y019937D01*
X005449Y019896D01*
X005410Y019858D01*
X005367Y019822D01*
X005323Y019790D01*
X005276Y019761D01*
X005227Y019735D01*
X005177Y019713D01*
X005125Y019694D01*
X005072Y019678D01*
X005018Y019667D01*
X004964Y019659D01*
X004909Y019655D01*
X004853Y019655D01*
X004798Y019659D01*
X004744Y019667D01*
X004690Y019678D01*
X004637Y019694D01*
X004585Y019713D01*
X004535Y019735D01*
X004486Y019761D01*
X004439Y019790D01*
X004395Y019822D01*
X004352Y019858D01*
X004313Y019896D01*
X004276Y019937D01*
X004242Y019981D01*
X004211Y020026D01*
X004183Y020074D01*
X004159Y020124D01*
X004139Y020175D01*
X004122Y020227D01*
X004108Y020281D01*
X004099Y020335D01*
X004093Y020390D01*
X004091Y020445D01*
X001061Y020445D01*
X001023Y020443D01*
X000985Y020438D01*
X000948Y020428D01*
X000912Y020416D01*
X000877Y020399D01*
X000844Y020380D01*
X000813Y020357D01*
X000784Y020332D01*
X000758Y020304D01*
X000735Y020273D01*
X000715Y020241D01*
X000698Y020206D01*
X000695Y020208D02*
X000676Y020168D01*
X000654Y020130D01*
X000629Y020094D01*
X000602Y020060D01*
X000572Y020028D01*
X000539Y019998D01*
X000505Y019971D01*
X000469Y019946D01*
X000431Y019924D01*
X000391Y019905D01*
X000357Y019889D01*
X000324Y019868D01*
X000294Y019845D01*
X000266Y019819D01*
X000241Y019791D01*
X000218Y019760D01*
X000199Y019728D01*
X000183Y019693D01*
X000170Y019658D01*
X000160Y019621D01*
X000154Y019583D01*
X000152Y019545D01*
X000161Y019545D02*
X000161Y001005D01*
X000163Y000968D01*
X000168Y000931D01*
X000177Y000894D01*
X000189Y000859D01*
X000205Y000825D01*
X000224Y000792D01*
X000246Y000762D01*
X000271Y000734D01*
X000298Y000708D01*
X000327Y000685D01*
X000359Y000665D01*
X000393Y000649D01*
X031761Y020205D02*
X031780Y020165D01*
X031802Y020126D01*
X031827Y020090D01*
X031855Y020055D01*
X031885Y020023D01*
X031918Y019992D01*
X031953Y019965D01*
X031990Y019940D01*
X032028Y019918D01*
X032068Y019899D01*
D11*
X030206Y013297D02*
X030208Y013347D01*
X030214Y013397D01*
X030224Y013446D01*
X030237Y013495D01*
X030255Y013542D01*
X030276Y013588D01*
X030300Y013631D01*
X030328Y013673D01*
X030359Y013713D01*
X030393Y013750D01*
X030430Y013784D01*
X030470Y013815D01*
X030512Y013843D01*
X030555Y013867D01*
X030601Y013888D01*
X030648Y013906D01*
X030697Y013919D01*
X030746Y013929D01*
X030796Y013935D01*
X030846Y013937D01*
X030896Y013935D01*
X030946Y013929D01*
X030995Y013919D01*
X031044Y013906D01*
X031091Y013888D01*
X031137Y013867D01*
X031180Y013843D01*
X031222Y013815D01*
X031262Y013784D01*
X031299Y013750D01*
X031333Y013713D01*
X031364Y013673D01*
X031392Y013631D01*
X031416Y013588D01*
X031437Y013542D01*
X031455Y013495D01*
X031468Y013446D01*
X031478Y013397D01*
X031484Y013347D01*
X031486Y013297D01*
X031484Y013247D01*
X031478Y013197D01*
X031468Y013148D01*
X031455Y013099D01*
X031437Y013052D01*
X031416Y013006D01*
X031392Y012963D01*
X031364Y012921D01*
X031333Y012881D01*
X031299Y012844D01*
X031262Y012810D01*
X031222Y012779D01*
X031180Y012751D01*
X031137Y012727D01*
X031091Y012706D01*
X031044Y012688D01*
X030995Y012675D01*
X030946Y012665D01*
X030896Y012659D01*
X030846Y012657D01*
X030796Y012659D01*
X030746Y012665D01*
X030697Y012675D01*
X030648Y012688D01*
X030601Y012706D01*
X030555Y012727D01*
X030512Y012751D01*
X030470Y012779D01*
X030430Y012810D01*
X030393Y012844D01*
X030359Y012881D01*
X030328Y012921D01*
X030300Y012963D01*
X030276Y013006D01*
X030255Y013052D01*
X030237Y013099D01*
X030224Y013148D01*
X030214Y013197D01*
X030208Y013247D01*
X030206Y013297D01*
X030206Y008797D02*
X030208Y008847D01*
X030214Y008897D01*
X030224Y008946D01*
X030237Y008995D01*
X030255Y009042D01*
X030276Y009088D01*
X030300Y009131D01*
X030328Y009173D01*
X030359Y009213D01*
X030393Y009250D01*
X030430Y009284D01*
X030470Y009315D01*
X030512Y009343D01*
X030555Y009367D01*
X030601Y009388D01*
X030648Y009406D01*
X030697Y009419D01*
X030746Y009429D01*
X030796Y009435D01*
X030846Y009437D01*
X030896Y009435D01*
X030946Y009429D01*
X030995Y009419D01*
X031044Y009406D01*
X031091Y009388D01*
X031137Y009367D01*
X031180Y009343D01*
X031222Y009315D01*
X031262Y009284D01*
X031299Y009250D01*
X031333Y009213D01*
X031364Y009173D01*
X031392Y009131D01*
X031416Y009088D01*
X031437Y009042D01*
X031455Y008995D01*
X031468Y008946D01*
X031478Y008897D01*
X031484Y008847D01*
X031486Y008797D01*
X031484Y008747D01*
X031478Y008697D01*
X031468Y008648D01*
X031455Y008599D01*
X031437Y008552D01*
X031416Y008506D01*
X031392Y008463D01*
X031364Y008421D01*
X031333Y008381D01*
X031299Y008344D01*
X031262Y008310D01*
X031222Y008279D01*
X031180Y008251D01*
X031137Y008227D01*
X031091Y008206D01*
X031044Y008188D01*
X030995Y008175D01*
X030946Y008165D01*
X030896Y008159D01*
X030846Y008157D01*
X030796Y008159D01*
X030746Y008165D01*
X030697Y008175D01*
X030648Y008188D01*
X030601Y008206D01*
X030555Y008227D01*
X030512Y008251D01*
X030470Y008279D01*
X030430Y008310D01*
X030393Y008344D01*
X030359Y008381D01*
X030328Y008421D01*
X030300Y008463D01*
X030276Y008506D01*
X030255Y008552D01*
X030237Y008599D01*
X030224Y008648D01*
X030214Y008697D01*
X030208Y008747D01*
X030206Y008797D01*
X030206Y007100D02*
X030208Y007150D01*
X030214Y007200D01*
X030224Y007249D01*
X030237Y007298D01*
X030255Y007345D01*
X030276Y007391D01*
X030300Y007434D01*
X030328Y007476D01*
X030359Y007516D01*
X030393Y007553D01*
X030430Y007587D01*
X030470Y007618D01*
X030512Y007646D01*
X030555Y007670D01*
X030601Y007691D01*
X030648Y007709D01*
X030697Y007722D01*
X030746Y007732D01*
X030796Y007738D01*
X030846Y007740D01*
X030896Y007738D01*
X030946Y007732D01*
X030995Y007722D01*
X031044Y007709D01*
X031091Y007691D01*
X031137Y007670D01*
X031180Y007646D01*
X031222Y007618D01*
X031262Y007587D01*
X031299Y007553D01*
X031333Y007516D01*
X031364Y007476D01*
X031392Y007434D01*
X031416Y007391D01*
X031437Y007345D01*
X031455Y007298D01*
X031468Y007249D01*
X031478Y007200D01*
X031484Y007150D01*
X031486Y007100D01*
X031484Y007050D01*
X031478Y007000D01*
X031468Y006951D01*
X031455Y006902D01*
X031437Y006855D01*
X031416Y006809D01*
X031392Y006766D01*
X031364Y006724D01*
X031333Y006684D01*
X031299Y006647D01*
X031262Y006613D01*
X031222Y006582D01*
X031180Y006554D01*
X031137Y006530D01*
X031091Y006509D01*
X031044Y006491D01*
X030995Y006478D01*
X030946Y006468D01*
X030896Y006462D01*
X030846Y006460D01*
X030796Y006462D01*
X030746Y006468D01*
X030697Y006478D01*
X030648Y006491D01*
X030601Y006509D01*
X030555Y006530D01*
X030512Y006554D01*
X030470Y006582D01*
X030430Y006613D01*
X030393Y006647D01*
X030359Y006684D01*
X030328Y006724D01*
X030300Y006766D01*
X030276Y006809D01*
X030255Y006855D01*
X030237Y006902D01*
X030224Y006951D01*
X030214Y007000D01*
X030208Y007050D01*
X030206Y007100D01*
X030206Y002600D02*
X030208Y002650D01*
X030214Y002700D01*
X030224Y002749D01*
X030237Y002798D01*
X030255Y002845D01*
X030276Y002891D01*
X030300Y002934D01*
X030328Y002976D01*
X030359Y003016D01*
X030393Y003053D01*
X030430Y003087D01*
X030470Y003118D01*
X030512Y003146D01*
X030555Y003170D01*
X030601Y003191D01*
X030648Y003209D01*
X030697Y003222D01*
X030746Y003232D01*
X030796Y003238D01*
X030846Y003240D01*
X030896Y003238D01*
X030946Y003232D01*
X030995Y003222D01*
X031044Y003209D01*
X031091Y003191D01*
X031137Y003170D01*
X031180Y003146D01*
X031222Y003118D01*
X031262Y003087D01*
X031299Y003053D01*
X031333Y003016D01*
X031364Y002976D01*
X031392Y002934D01*
X031416Y002891D01*
X031437Y002845D01*
X031455Y002798D01*
X031468Y002749D01*
X031478Y002700D01*
X031484Y002650D01*
X031486Y002600D01*
X031484Y002550D01*
X031478Y002500D01*
X031468Y002451D01*
X031455Y002402D01*
X031437Y002355D01*
X031416Y002309D01*
X031392Y002266D01*
X031364Y002224D01*
X031333Y002184D01*
X031299Y002147D01*
X031262Y002113D01*
X031222Y002082D01*
X031180Y002054D01*
X031137Y002030D01*
X031091Y002009D01*
X031044Y001991D01*
X030995Y001978D01*
X030946Y001968D01*
X030896Y001962D01*
X030846Y001960D01*
X030796Y001962D01*
X030746Y001968D01*
X030697Y001978D01*
X030648Y001991D01*
X030601Y002009D01*
X030555Y002030D01*
X030512Y002054D01*
X030470Y002082D01*
X030430Y002113D01*
X030393Y002147D01*
X030359Y002184D01*
X030328Y002224D01*
X030300Y002266D01*
X030276Y002309D01*
X030255Y002355D01*
X030237Y002402D01*
X030224Y002451D01*
X030214Y002500D01*
X030208Y002550D01*
X030206Y002600D01*
X008563Y012212D02*
X008565Y012233D01*
X008571Y012253D01*
X008580Y012273D01*
X008592Y012290D01*
X008607Y012304D01*
X008625Y012316D01*
X008645Y012324D01*
X008665Y012329D01*
X008686Y012330D01*
X008707Y012327D01*
X008727Y012321D01*
X008746Y012310D01*
X008763Y012297D01*
X008776Y012281D01*
X008787Y012263D01*
X008795Y012243D01*
X008799Y012223D01*
X008799Y012201D01*
X008795Y012181D01*
X008787Y012161D01*
X008776Y012143D01*
X008763Y012127D01*
X008746Y012114D01*
X008727Y012103D01*
X008707Y012097D01*
X008686Y012094D01*
X008665Y012095D01*
X008645Y012100D01*
X008625Y012108D01*
X008607Y012120D01*
X008592Y012134D01*
X008580Y012151D01*
X008571Y012171D01*
X008565Y012191D01*
X008563Y012212D01*
X007002Y009849D02*
X007004Y009898D01*
X007010Y009946D01*
X007020Y009994D01*
X007034Y010041D01*
X007051Y010087D01*
X007072Y010131D01*
X007097Y010173D01*
X007125Y010213D01*
X007157Y010251D01*
X007191Y010286D01*
X007228Y010318D01*
X007267Y010347D01*
X007309Y010373D01*
X007353Y010395D01*
X007398Y010413D01*
X007445Y010428D01*
X007492Y010439D01*
X007541Y010446D01*
X007590Y010449D01*
X007639Y010448D01*
X007687Y010443D01*
X007736Y010434D01*
X007783Y010421D01*
X007829Y010404D01*
X007873Y010384D01*
X007916Y010360D01*
X007957Y010333D01*
X007995Y010302D01*
X008031Y010269D01*
X008063Y010233D01*
X008093Y010194D01*
X008120Y010153D01*
X008143Y010109D01*
X008162Y010064D01*
X008178Y010018D01*
X008190Y009971D01*
X008198Y009922D01*
X008202Y009873D01*
X008202Y009825D01*
X008198Y009776D01*
X008190Y009727D01*
X008178Y009680D01*
X008162Y009634D01*
X008143Y009589D01*
X008120Y009545D01*
X008093Y009504D01*
X008063Y009465D01*
X008031Y009429D01*
X007995Y009396D01*
X007957Y009365D01*
X007916Y009338D01*
X007873Y009314D01*
X007829Y009294D01*
X007783Y009277D01*
X007736Y009264D01*
X007687Y009255D01*
X007639Y009250D01*
X007590Y009249D01*
X007541Y009252D01*
X007492Y009259D01*
X007445Y009270D01*
X007398Y009285D01*
X007353Y009303D01*
X007309Y009325D01*
X007267Y009351D01*
X007228Y009380D01*
X007191Y009412D01*
X007157Y009447D01*
X007125Y009485D01*
X007097Y009525D01*
X007072Y009567D01*
X007051Y009611D01*
X007034Y009657D01*
X007020Y009704D01*
X007010Y009752D01*
X007004Y009800D01*
X007002Y009849D01*
X002002Y015024D02*
X002004Y015045D01*
X002010Y015066D01*
X002019Y015086D01*
X002032Y015103D01*
X002047Y015118D01*
X002065Y015130D01*
X002085Y015138D01*
X002106Y015143D01*
X002127Y015144D01*
X002149Y015141D01*
X002169Y015134D01*
X002188Y015124D01*
X002205Y015111D01*
X002219Y015095D01*
X002230Y015076D01*
X002238Y015056D01*
X002242Y015035D01*
X002242Y015013D01*
X002238Y014992D01*
X002230Y014972D01*
X002219Y014953D01*
X002205Y014937D01*
X002188Y014924D01*
X002169Y014914D01*
X002149Y014907D01*
X002127Y014904D01*
X002106Y014905D01*
X002085Y014910D01*
X002065Y014918D01*
X002047Y014930D01*
X002032Y014945D01*
X002019Y014962D01*
X002010Y014982D01*
X002004Y015003D01*
X002002Y015024D01*
X003592Y016634D02*
X003594Y016655D01*
X003600Y016676D01*
X003609Y016696D01*
X003622Y016713D01*
X003637Y016728D01*
X003655Y016740D01*
X003675Y016748D01*
X003696Y016753D01*
X003717Y016754D01*
X003739Y016751D01*
X003759Y016744D01*
X003778Y016734D01*
X003795Y016721D01*
X003809Y016705D01*
X003820Y016686D01*
X003828Y016666D01*
X003832Y016645D01*
X003832Y016623D01*
X003828Y016602D01*
X003820Y016582D01*
X003809Y016563D01*
X003795Y016547D01*
X003778Y016534D01*
X003759Y016524D01*
X003739Y016517D01*
X003717Y016514D01*
X003696Y016515D01*
X003675Y016520D01*
X003655Y016528D01*
X003637Y016540D01*
X003622Y016555D01*
X003609Y016572D01*
X003600Y016592D01*
X003594Y016613D01*
X003592Y016634D01*
X007002Y019141D02*
X007004Y019190D01*
X007010Y019238D01*
X007020Y019286D01*
X007034Y019333D01*
X007051Y019379D01*
X007072Y019423D01*
X007097Y019465D01*
X007125Y019505D01*
X007157Y019543D01*
X007191Y019578D01*
X007228Y019610D01*
X007267Y019639D01*
X007309Y019665D01*
X007353Y019687D01*
X007398Y019705D01*
X007445Y019720D01*
X007492Y019731D01*
X007541Y019738D01*
X007590Y019741D01*
X007639Y019740D01*
X007687Y019735D01*
X007736Y019726D01*
X007783Y019713D01*
X007829Y019696D01*
X007873Y019676D01*
X007916Y019652D01*
X007957Y019625D01*
X007995Y019594D01*
X008031Y019561D01*
X008063Y019525D01*
X008093Y019486D01*
X008120Y019445D01*
X008143Y019401D01*
X008162Y019356D01*
X008178Y019310D01*
X008190Y019263D01*
X008198Y019214D01*
X008202Y019165D01*
X008202Y019117D01*
X008198Y019068D01*
X008190Y019019D01*
X008178Y018972D01*
X008162Y018926D01*
X008143Y018881D01*
X008120Y018837D01*
X008093Y018796D01*
X008063Y018757D01*
X008031Y018721D01*
X007995Y018688D01*
X007957Y018657D01*
X007916Y018630D01*
X007873Y018606D01*
X007829Y018586D01*
X007783Y018569D01*
X007736Y018556D01*
X007687Y018547D01*
X007639Y018542D01*
X007590Y018541D01*
X007541Y018544D01*
X007492Y018551D01*
X007445Y018562D01*
X007398Y018577D01*
X007353Y018595D01*
X007309Y018617D01*
X007267Y018643D01*
X007228Y018672D01*
X007191Y018704D01*
X007157Y018739D01*
X007125Y018777D01*
X007097Y018817D01*
X007072Y018859D01*
X007051Y018903D01*
X007034Y018949D01*
X007020Y018996D01*
X007010Y019044D01*
X007004Y019092D01*
X007002Y019141D01*
X008563Y016778D02*
X008565Y016799D01*
X008571Y016819D01*
X008580Y016839D01*
X008592Y016856D01*
X008607Y016870D01*
X008625Y016882D01*
X008645Y016890D01*
X008665Y016895D01*
X008686Y016896D01*
X008707Y016893D01*
X008727Y016887D01*
X008746Y016876D01*
X008763Y016863D01*
X008776Y016847D01*
X008787Y016829D01*
X008795Y016809D01*
X008799Y016789D01*
X008799Y016767D01*
X008795Y016747D01*
X008787Y016727D01*
X008776Y016709D01*
X008763Y016693D01*
X008746Y016680D01*
X008727Y016669D01*
X008707Y016663D01*
X008686Y016660D01*
X008665Y016661D01*
X008645Y016666D01*
X008625Y016674D01*
X008607Y016686D01*
X008592Y016700D01*
X008580Y016717D01*
X008571Y016737D01*
X008565Y016757D01*
X008563Y016778D01*
X004334Y002235D02*
X004336Y002266D01*
X004342Y002297D01*
X004351Y002327D01*
X004364Y002356D01*
X004381Y002383D01*
X004401Y002407D01*
X004423Y002429D01*
X004449Y002448D01*
X004476Y002464D01*
X004505Y002476D01*
X004535Y002485D01*
X004566Y002490D01*
X004598Y002491D01*
X004629Y002488D01*
X004660Y002481D01*
X004690Y002471D01*
X004718Y002457D01*
X004744Y002439D01*
X004768Y002419D01*
X004789Y002395D01*
X004808Y002370D01*
X004823Y002342D01*
X004834Y002313D01*
X004842Y002282D01*
X004846Y002251D01*
X004846Y002219D01*
X004842Y002188D01*
X004834Y002157D01*
X004823Y002128D01*
X004808Y002100D01*
X004789Y002075D01*
X004768Y002051D01*
X004744Y002031D01*
X004718Y002013D01*
X004690Y001999D01*
X004660Y001989D01*
X004629Y001982D01*
X004598Y001979D01*
X004566Y001980D01*
X004535Y001985D01*
X004505Y001994D01*
X004476Y002006D01*
X004449Y002022D01*
X004423Y002041D01*
X004401Y002063D01*
X004381Y002087D01*
X004364Y002114D01*
X004351Y002143D01*
X004342Y002173D01*
X004336Y002204D01*
X004334Y002235D01*
X001577Y002235D02*
X001579Y002266D01*
X001585Y002297D01*
X001594Y002327D01*
X001607Y002356D01*
X001624Y002383D01*
X001644Y002407D01*
X001666Y002429D01*
X001692Y002448D01*
X001719Y002464D01*
X001748Y002476D01*
X001778Y002485D01*
X001809Y002490D01*
X001841Y002491D01*
X001872Y002488D01*
X001903Y002481D01*
X001933Y002471D01*
X001961Y002457D01*
X001987Y002439D01*
X002011Y002419D01*
X002032Y002395D01*
X002051Y002370D01*
X002066Y002342D01*
X002077Y002313D01*
X002085Y002282D01*
X002089Y002251D01*
X002089Y002219D01*
X002085Y002188D01*
X002077Y002157D01*
X002066Y002128D01*
X002051Y002100D01*
X002032Y002075D01*
X002011Y002051D01*
X001987Y002031D01*
X001961Y002013D01*
X001933Y001999D01*
X001903Y001989D01*
X001872Y001982D01*
X001841Y001979D01*
X001809Y001980D01*
X001778Y001985D01*
X001748Y001994D01*
X001719Y002006D01*
X001692Y002022D01*
X001666Y002041D01*
X001644Y002063D01*
X001624Y002087D01*
X001607Y002114D01*
X001594Y002143D01*
X001585Y002173D01*
X001579Y002204D01*
X001577Y002235D01*
M02*
